<?xml version="1.0" encoding="UTF-8"?>
<!-- Generated by org.testng.reporters.JUnitReportReporter -->
<testsuite skipped="0" hostname="LAPTOP-7H3VE7A9" name="testScenario.courseTest" tests="16" failures="0" timestamp="2020-10-28T18:07:43 IST" time="514.220" errors="0">
  <testcase name="testOne" time="31.819" classname="testScenario.courseTest"/>
  <system-out/>
  <testcase name="testOne" time="32.052" classname="testScenario.courseTest"/>
  <system-out/>
  <testcase name="testOne" time="30.733" classname="testScenario.courseTest"/>
  <system-out/>
  <testcase name="testOne" time="30.230" classname="testScenario.courseTest"/>
  <system-out/>
  <testcase name="testOne" time="31.845" classname="testScenario.courseTest"/>
  <system-out/>
  <testcase name="testOne" time="30.252" classname="testScenario.courseTest"/>
  <system-out/>
  <testcase name="testOne" time="35.730" classname="testScenario.courseTest"/>
  <system-out/>
  <testcase name="testOne" time="31.589" classname="testScenario.courseTest"/>
  <system-out/>
  <testcase name="testOne" time="31.732" classname="testScenario.courseTest"/>
  <system-out/>
  <testcase name="testOne" time="31.510" classname="testScenario.courseTest"/>
  <system-out/>
  <testcase name="testOne" time="34.545" classname="testScenario.courseTest"/>
  <system-out/>
  <testcase name="testOne" time="32.943" classname="testScenario.courseTest"/>
  <system-out/>
  <testcase name="testOne" time="31.582" classname="testScenario.courseTest"/>
  <system-out/>
  <testcase name="testOne" time="34.892" classname="testScenario.courseTest"/>
  <system-out/>
  <testcase name="testOne" time="31.658" classname="testScenario.courseTest"/>
  <system-out/>
  <testcase name="testOne" time="31.108" classname="testScenario.courseTest"/>
  <system-out/>
</testsuite> <!-- testScenario.courseTest -->
