<?xml version="1.0" encoding="UTF-8"?>
<!-- Generated by org.testng.reporters.JUnitReportReporter -->
<testsuite skipped="0" hostname="LAPTOP-7H3VE7A9" name="testScenario.WebDevelopment" tests="2" failures="0" timestamp="2020-10-28T18:07:43 IST" time="69.928" errors="0">
  <testcase name="testOne" time="32.982" classname="testScenario.WebDevelopment"/>
  <system-out/>
  <testcase name="testOne" time="36.946" classname="testScenario.WebDevelopment"/>
  <system-out/>
</testsuite> <!-- testScenario.WebDevelopment -->
