<?xml version="1.0" encoding="UTF-8"?>
<!-- Generated by org.testng.reporters.JUnitReportReporter -->
<testsuite name="testScenario.WebDevelopment" tests="2" time="69.493" ignored="0" failures="0" timestamp="28 Oct 2020 12:14:30 GMT" skipped="0" hostname="LAPTOP-7H3VE7A9" errors="0">
  <testcase name="testOne" time="33.079" classname="testScenario.WebDevelopment"/>
  <testcase name="testOne" time="36.414" classname="testScenario.WebDevelopment"/>
</testsuite> <!-- testScenario.WebDevelopment -->
