<?xml version="1.0" encoding="UTF-8"?>
<!-- Generated by org.testng.reporters.JUnitReportReporter -->
<testsuite name="testScenario.test1" tests="1" time="31.881" ignored="0" failures="0" timestamp="15 Oct 2020 05:23:25 GMT" skipped="0" hostname="LAPTOP-7H3VE7A9" errors="0">
  <testcase name="testOne" time="31.881" classname="testScenario.test1"/>
</testsuite> <!-- testScenario.test1 -->
