<?xml version="1.0" encoding="UTF-8"?>
<!-- Generated by org.testng.reporters.JUnitReportReporter -->
<testsuite name="testScenario.courseTest" tests="16" time="511.986" ignored="0" failures="0" timestamp="28 Oct 2020 12:14:30 GMT" skipped="0" hostname="LAPTOP-7H3VE7A9" errors="0">
  <testcase name="testOne" time="30.278" classname="testScenario.courseTest"/>
  <testcase name="testOne" time="34.087" classname="testScenario.courseTest"/>
  <testcase name="testOne" time="31.741" classname="testScenario.courseTest"/>
  <testcase name="testOne" time="31.783" classname="testScenario.courseTest"/>
  <testcase name="testOne" time="32.414" classname="testScenario.courseTest"/>
  <testcase name="testOne" time="31.319" classname="testScenario.courseTest"/>
  <testcase name="testOne" time="31.170" classname="testScenario.courseTest"/>
  <testcase name="testOne" time="32.643" classname="testScenario.courseTest"/>
  <testcase name="testOne" time="30.058" classname="testScenario.courseTest"/>
  <testcase name="testOne" time="31.621" classname="testScenario.courseTest"/>
  <testcase name="testOne" time="33.206" classname="testScenario.courseTest"/>
  <testcase name="testOne" time="31.867" classname="testScenario.courseTest"/>
  <testcase name="testOne" time="31.467" classname="testScenario.courseTest"/>
  <testcase name="testOne" time="34.373" classname="testScenario.courseTest"/>
  <testcase name="testOne" time="32.142" classname="testScenario.courseTest"/>
  <testcase name="testOne" time="31.817" classname="testScenario.courseTest"/>
</testsuite> <!-- testScenario.courseTest -->
