<?xml version="1.0" encoding="UTF-8"?>
<!-- Generated by org.testng.reporters.JUnitReportReporter -->
<testsuite name="testScenario.FormTest" tests="4" time="147.326" ignored="0" failures="0" timestamp="28 Oct 2020 12:14:30 GMT" skipped="0" hostname="LAPTOP-7H3VE7A9" errors="0">
  <testcase name="TestOne" time="36.056" classname="testScenario.FormTest"/>
  <testcase name="TestOne" time="36.629" classname="testScenario.FormTest"/>
  <testcase name="TestOne" time="37.604" classname="testScenario.FormTest"/>
  <testcase name="TestOne" time="37.037" classname="testScenario.FormTest"/>
</testsuite> <!-- testScenario.FormTest -->
